{
  "stats": {
    "suites": 1,
    "tests": 1,
    "passes": 1,
    "pending": 0,
    "failures": 0,
    "start": "2024-04-07T12:07:38.674Z",
    "end": "2024-04-07T12:07:41.650Z",
    "duration": 2976,
    "testsRegistered": 1,
    "passPercent": 100,
    "pendingPercent": 0,
    "other": 0,
    "hasOther": false,
    "skipped": 0,
    "hasSkipped": false
  },
  "results": [
    {
      "uuid": "70a373ae-17b4-4ede-b36e-08727b490a73",
      "title": "",
      "fullFile": "cypress\\e2e\\Tc08_xPath.spec.cy.js",
      "file": "cypress\\e2e\\Tc08_xPath.spec.cy.js",
      "beforeHooks": [],
      "afterHooks": [],
      "tests": [],
      "suites": [
        {
          "uuid": "b5f33bb2-207c-4348-8efe-5818edd33458",
          "title": "Xpath functionality",
          "fullFile": "",
          "file": "",
          "beforeHooks": [],
          "afterHooks": [],
          "tests": [
            {
              "title": "Login test using Conduit by xpath locatorss",
              "fullTitle": "Xpath functionality Login test using Conduit by xpath locatorss",
              "timedOut": null,
              "duration": 2911,
              "state": "passed",
              "speed": "fast",
              "pass": true,
              "fail": false,
              "pending": false,
              "context": null,
              "code": "cy.visit(\"https://react-redux.realworld.io/\"); // visiting the website\ncy.xpath(\"//a[normalize-space()='Sign in']\").click(); // clicking on login button from\ncy.xpath(\"//input[@placeholder='Email']\").type(\"cypressdemo@gmail.com\"); // typing email in input field\ncy.xpath(\"//input[@placeholder='Password']\").type(\"cypressdemo\"); // typing password in password field\ncy.xpath(\"//button[@type='submit']\").click(); // submitting the form by clicking on submit button",
              "err": {},
              "uuid": "88be145a-3a4b-44af-ae50-6267512d01d7",
              "parentUUID": "b5f33bb2-207c-4348-8efe-5818edd33458",
              "isHook": false,
              "skipped": false
            }
          ],
          "suites": [],
          "passes": [
            "88be145a-3a4b-44af-ae50-6267512d01d7"
          ],
          "failures": [],
          "pending": [],
          "skipped": [],
          "duration": 2911,
          "root": false,
          "rootEmpty": false,
          "_timeout": 2000
        }
      ],
      "passes": [],
      "failures": [],
      "pending": [],
      "skipped": [],
      "duration": 0,
      "root": true,
      "rootEmpty": true,
      "_timeout": 2000
    }
  ],
  "meta": {
    "mocha": {
      "version": "7.0.1"
    },
    "mochawesome": {
      "options": {
        "quiet": true,
        "reportFilename": "mochawesome",
        "saveHtml": false,
        "saveJson": true,
        "consoleReporter": "spec",
        "useInlineDiffs": false,
        "code": true
      },
      "version": "7.1.3"
    },
    "marge": {
      "options": {
        "id": "default",
        "reportDir": "cypress/reports/mocha",
        "quiet": true,
        "overwrite": false,
        "html": false,
        "json": true
      },
      "version": "6.2.0"
    }
  }
}