{
  "stats": {
    "suites": 1,
    "tests": 1,
    "passes": 1,
    "pending": 0,
    "failures": 0,
    "start": "2024-04-07T12:09:51.372Z",
    "end": "2024-04-07T12:09:54.986Z",
    "duration": 3614,
    "testsRegistered": 1,
    "passPercent": 100,
    "pendingPercent": 0,
    "other": 0,
    "hasOther": false,
    "skipped": 0,
    "hasSkipped": false
  },
  "results": [
    {
      "uuid": "85d28e0f-6fd0-4632-b156-a3eaee888f1f",
      "title": "",
      "fullFile": "cypress\\e2e\\Tc17_POM_Implementation.spec.cy.js",
      "file": "cypress\\e2e\\Tc17_POM_Implementation.spec.cy.js",
      "beforeHooks": [],
      "afterHooks": [],
      "tests": [],
      "suites": [
        {
          "uuid": "3317c482-2e7d-4b1c-9a34-5877e515d9a2",
          "title": "Page Object Model test",
          "fullFile": "",
          "file": "",
          "beforeHooks": [],
          "afterHooks": [],
          "tests": [
            {
              "title": "Condouit - Valid Credentials",
              "fullTitle": "Page Object Model test Condouit - Valid Credentials",
              "timedOut": null,
              "duration": 3559,
              "state": "passed",
              "speed": "fast",
              "pass": true,
              "fail": false,
              "pending": false,
              "context": null,
              "code": "cy.visit(\"https://react-redux.realworld.io/\"); // visiting the website\nlandingPage.clickSignInButton();\nloginPage.enterEmail(this.data.valid.email);\nloginPage.enterPassword(this.data.valid.password);\nloginPage.clickSignInButton();\nhomePage.checkYourFeedIsVisible();\nhomePage.clickSettingsButton();\nsettingsPage.clickLogoutButton();",
              "err": {},
              "uuid": "79391b5c-872d-422d-9bb1-a1785fd1f3f9",
              "parentUUID": "3317c482-2e7d-4b1c-9a34-5877e515d9a2",
              "isHook": false,
              "skipped": false
            }
          ],
          "suites": [],
          "passes": [
            "79391b5c-872d-422d-9bb1-a1785fd1f3f9"
          ],
          "failures": [],
          "pending": [],
          "skipped": [],
          "duration": 3559,
          "root": false,
          "rootEmpty": false,
          "_timeout": 2000
        }
      ],
      "passes": [],
      "failures": [],
      "pending": [],
      "skipped": [],
      "duration": 0,
      "root": true,
      "rootEmpty": true,
      "_timeout": 2000
    }
  ],
  "meta": {
    "mocha": {
      "version": "7.0.1"
    },
    "mochawesome": {
      "options": {
        "quiet": true,
        "reportFilename": "mochawesome",
        "saveHtml": false,
        "saveJson": true,
        "consoleReporter": "spec",
        "useInlineDiffs": false,
        "code": true
      },
      "version": "7.1.3"
    },
    "marge": {
      "options": {
        "id": "default",
        "reportDir": "cypress/reports/mocha",
        "quiet": true,
        "overwrite": false,
        "html": false,
        "json": true
      },
      "version": "6.2.0"
    }
  }
}