{
  "stats": {
    "suites": 1,
    "tests": 2,
    "passes": 2,
    "pending": 0,
    "failures": 0,
    "start": "2024-04-07T12:09:22.495Z",
    "end": "2024-04-07T12:09:27.731Z",
    "duration": 5236,
    "testsRegistered": 2,
    "passPercent": 100,
    "pendingPercent": 0,
    "other": 0,
    "hasOther": false,
    "skipped": 0,
    "hasSkipped": false
  },
  "results": [
    {
      "uuid": "3367db3c-c195-488a-911a-e666b12b2f01",
      "title": "",
      "fullFile": "cypress\\e2e\\Tc15.1_CustomCommand.spec.cy.js",
      "file": "cypress\\e2e\\Tc15.1_CustomCommand.spec.cy.js",
      "beforeHooks": [],
      "afterHooks": [],
      "tests": [],
      "suites": [
        {
          "uuid": "ccb61607-b622-4136-b5e3-8a809bc5360a",
          "title": "Custom command test",
          "fullFile": "",
          "file": "",
          "beforeHooks": [],
          "afterHooks": [],
          "tests": [
            {
              "title": "Condouit - Valid Credentials",
              "fullTitle": "Custom command test Condouit - Valid Credentials",
              "timedOut": null,
              "duration": 3353,
              "state": "passed",
              "speed": "fast",
              "pass": true,
              "fail": false,
              "pending": false,
              "context": null,
              "code": "cy.conduItLogin(this.data.valid.email, this.data.valid.password);\ncy.get('a[href=\"#settings\"]').click(); // going to settings page by clicking on setting link\ncy.get(\".btn.btn-outline-danger\").click(); // logging out by clicking logout button",
              "err": {},
              "uuid": "d76772f3-e7bb-4c04-974f-634de9192431",
              "parentUUID": "ccb61607-b622-4136-b5e3-8a809bc5360a",
              "isHook": false,
              "skipped": false
            },
            {
              "title": "Condouit - Invalid Credentials",
              "fullTitle": "Custom command test Condouit - Invalid Credentials",
              "timedOut": null,
              "duration": 1793,
              "state": "passed",
              "speed": "fast",
              "pass": true,
              "fail": false,
              "pending": false,
              "context": null,
              "code": "cy.conduItLogin(this.data.invalid.email, this.data.invalid.password);\ncy.get(\".error-messages\").should(\"contain\", \"email or password is invalid\");",
              "err": {},
              "uuid": "39a4f518-b427-41ce-bdc9-6c5757b2bbc2",
              "parentUUID": "ccb61607-b622-4136-b5e3-8a809bc5360a",
              "isHook": false,
              "skipped": false
            }
          ],
          "suites": [],
          "passes": [
            "d76772f3-e7bb-4c04-974f-634de9192431",
            "39a4f518-b427-41ce-bdc9-6c5757b2bbc2"
          ],
          "failures": [],
          "pending": [],
          "skipped": [],
          "duration": 5146,
          "root": false,
          "rootEmpty": false,
          "_timeout": 2000
        }
      ],
      "passes": [],
      "failures": [],
      "pending": [],
      "skipped": [],
      "duration": 0,
      "root": true,
      "rootEmpty": true,
      "_timeout": 2000
    }
  ],
  "meta": {
    "mocha": {
      "version": "7.0.1"
    },
    "mochawesome": {
      "options": {
        "quiet": true,
        "reportFilename": "mochawesome",
        "saveHtml": false,
        "saveJson": true,
        "consoleReporter": "spec",
        "useInlineDiffs": false,
        "code": true
      },
      "version": "7.1.3"
    },
    "marge": {
      "options": {
        "id": "default",
        "reportDir": "cypress/reports/mocha",
        "quiet": true,
        "overwrite": false,
        "html": false,
        "json": true
      },
      "version": "6.2.0"
    }
  }
}