{
  "stats": {
    "suites": 1,
    "tests": 1,
    "passes": 1,
    "pending": 0,
    "failures": 0,
    "start": "2024-04-07T12:07:22.992Z",
    "end": "2024-04-07T12:07:30.485Z",
    "duration": 7493,
    "testsRegistered": 1,
    "passPercent": 100,
    "pendingPercent": 0,
    "other": 0,
    "hasOther": false,
    "skipped": 0,
    "hasSkipped": false
  },
  "results": [
    {
      "uuid": "550de1c8-0b15-44f8-babb-d50a5d5f8a06",
      "title": "",
      "fullFile": "cypress\\e2e\\Tc07_Iframes.spec.cy.js",
      "file": "cypress\\e2e\\Tc07_Iframes.spec.cy.js",
      "beforeHooks": [],
      "afterHooks": [],
      "tests": [],
      "suites": [
        {
          "uuid": "30f53164-8b98-4625-a12b-50c497fa2639",
          "title": "Advanced UI Elements",
          "fullFile": "",
          "file": "",
          "beforeHooks": [],
          "afterHooks": [],
          "tests": [
            {
              "title": "Web Iframe",
              "fullTitle": "Advanced UI Elements Web Iframe",
              "timedOut": null,
              "duration": 5034,
              "state": "passed",
              "speed": "medium",
              "pass": true,
              "fail": false,
              "pending": false,
              "context": null,
              "code": "cy.visit(\"https://the-internet.herokuapp.com/iframe\");\n// 1. Basically\ncy.get(\"#mce_0_ifr\").type(\"Hello TextBox\");\n// 2. Iframe content:\ncy.get(\"#mce_0_ifr\").within($iframe => {\n  const element = $iframe.contents().find(\"#tinymce\");\n  cy.wrap(element).clear().type(\"Hello textbox 2\");\n});",
              "err": {},
              "uuid": "1d2eeced-acbc-4182-934d-f653573453ca",
              "parentUUID": "30f53164-8b98-4625-a12b-50c497fa2639",
              "isHook": false,
              "skipped": false
            }
          ],
          "suites": [],
          "passes": [
            "1d2eeced-acbc-4182-934d-f653573453ca"
          ],
          "failures": [],
          "pending": [],
          "skipped": [],
          "duration": 5034,
          "root": false,
          "rootEmpty": false,
          "_timeout": 2000
        }
      ],
      "passes": [],
      "failures": [],
      "pending": [],
      "skipped": [],
      "duration": 0,
      "root": true,
      "rootEmpty": true,
      "_timeout": 2000
    }
  ],
  "meta": {
    "mocha": {
      "version": "7.0.1"
    },
    "mochawesome": {
      "options": {
        "quiet": true,
        "reportFilename": "mochawesome",
        "saveHtml": false,
        "saveJson": true,
        "consoleReporter": "spec",
        "useInlineDiffs": false,
        "code": true
      },
      "version": "7.1.3"
    },
    "marge": {
      "options": {
        "id": "default",
        "reportDir": "cypress/reports/mocha",
        "quiet": true,
        "overwrite": false,
        "html": false,
        "json": true
      },
      "version": "6.2.0"
    }
  }
}