{
  "stats": {
    "suites": 1,
    "tests": 3,
    "passes": 3,
    "pending": 0,
    "failures": 0,
    "start": "2024-04-07T12:08:02.482Z",
    "end": "2024-04-07T12:08:02.754Z",
    "duration": 272,
    "testsRegistered": 3,
    "passPercent": 100,
    "pendingPercent": 0,
    "other": 0,
    "hasOther": false,
    "skipped": 0,
    "hasSkipped": false
  },
  "results": [
    {
      "uuid": "e4692118-c325-417b-9aa6-c41556cd4845",
      "title": "",
      "fullFile": "cypress\\e2e\\Tc10_HooksBasic.spec.cy.js",
      "file": "cypress\\e2e\\Tc10_HooksBasic.spec.cy.js",
      "beforeHooks": [],
      "afterHooks": [],
      "tests": [],
      "suites": [
        {
          "uuid": "02ce48ab-2e48-41a0-ac9f-091c1751901a",
          "title": "Hooks basics",
          "fullFile": "",
          "file": "",
          "beforeHooks": [],
          "afterHooks": [],
          "tests": [
            {
              "title": "Search item",
              "fullTitle": "Hooks basics Search item",
              "timedOut": null,
              "duration": 92,
              "state": "passed",
              "speed": "fast",
              "pass": true,
              "fail": false,
              "pending": false,
              "context": null,
              "code": "cy.log(\"This is Search item block\");",
              "err": {},
              "uuid": "6c7b990e-60bc-4f8d-b263-b7c5d710c52a",
              "parentUUID": "02ce48ab-2e48-41a0-ac9f-091c1751901a",
              "isHook": false,
              "skipped": false
            },
            {
              "title": "Order item",
              "fullTitle": "Hooks basics Order item",
              "timedOut": null,
              "duration": 21,
              "state": "passed",
              "speed": "fast",
              "pass": true,
              "fail": false,
              "pending": false,
              "context": null,
              "code": "cy.log(\"This is order item block\");",
              "err": {},
              "uuid": "87d38492-b72c-4799-a4a4-10ddc3fa60a0",
              "parentUUID": "02ce48ab-2e48-41a0-ac9f-091c1751901a",
              "isHook": false,
              "skipped": false
            },
            {
              "title": "Check out item",
              "fullTitle": "Hooks basics Check out item",
              "timedOut": null,
              "duration": 25,
              "state": "passed",
              "speed": "fast",
              "pass": true,
              "fail": false,
              "pending": false,
              "context": null,
              "code": "cy.log(\"This is check out item block\");",
              "err": {},
              "uuid": "3da166bb-42d2-45e9-81aa-dcbf6a814482",
              "parentUUID": "02ce48ab-2e48-41a0-ac9f-091c1751901a",
              "isHook": false,
              "skipped": false
            }
          ],
          "suites": [],
          "passes": [
            "6c7b990e-60bc-4f8d-b263-b7c5d710c52a",
            "87d38492-b72c-4799-a4a4-10ddc3fa60a0",
            "3da166bb-42d2-45e9-81aa-dcbf6a814482"
          ],
          "failures": [],
          "pending": [],
          "skipped": [],
          "duration": 138,
          "root": false,
          "rootEmpty": false,
          "_timeout": 2000
        }
      ],
      "passes": [],
      "failures": [],
      "pending": [],
      "skipped": [],
      "duration": 0,
      "root": true,
      "rootEmpty": true,
      "_timeout": 2000
    }
  ],
  "meta": {
    "mocha": {
      "version": "7.0.1"
    },
    "mochawesome": {
      "options": {
        "quiet": true,
        "reportFilename": "mochawesome",
        "saveHtml": false,
        "saveJson": true,
        "consoleReporter": "spec",
        "useInlineDiffs": false,
        "code": true
      },
      "version": "7.1.3"
    },
    "marge": {
      "options": {
        "id": "default",
        "reportDir": "cypress/reports/mocha",
        "quiet": true,
        "overwrite": false,
        "html": false,
        "json": true
      },
      "version": "6.2.0"
    }
  }
}