{
  "stats": {
    "suites": 1,
    "tests": 1,
    "passes": 1,
    "pending": 0,
    "failures": 0,
    "start": "2024-04-07T12:07:10.306Z",
    "end": "2024-04-07T12:07:15.297Z",
    "duration": 4991,
    "testsRegistered": 1,
    "passPercent": 100,
    "pendingPercent": 0,
    "other": 0,
    "hasOther": false,
    "skipped": 0,
    "hasSkipped": false
  },
  "results": [
    {
      "uuid": "40c6dcdf-750b-4fcb-a30d-33d3f4b3b0f2",
      "title": "",
      "fullFile": "cypress\\e2e\\Tc06_WebTables.spec.cy.js",
      "file": "cypress\\e2e\\Tc06_WebTables.spec.cy.js",
      "beforeHooks": [],
      "afterHooks": [],
      "tests": [],
      "suites": [
        {
          "uuid": "45828896-fd9e-472d-a8ee-fa06bae58764",
          "title": "Advanced UI Elements",
          "fullFile": "",
          "file": "",
          "beforeHooks": [],
          "afterHooks": [],
          "tests": [
            {
              "title": "Web tables",
              "fullTitle": "Advanced UI Elements Web tables",
              "timedOut": null,
              "duration": 2554,
              "state": "passed",
              "speed": "fast",
              "pass": true,
              "fail": false,
              "pending": false,
              "context": null,
              "code": "cy.visit(\"https://the-internet.herokuapp.com/tables\");\n// 1. Check value present anywhere in table\ncy.get(\"#table1\").contains(\"td\", \"http://www.jdoe.com\").should(\"be.visible\");\n// 2. Check value present in the specific row and col\ncy.get(\"#table1>tbody>tr:nth-child(1)>td:nth-child(3)\").contains(\"td\", \"jsmith@gmail.com\").should(\"be.visible\");\n// 3. Check value baded on the condition\ncy.get(\"#table1>tbody>tr>td:nth-child(2)\").each(($e, $index, $list) => {\n  const text = $e.text();\n  if (text.includes(\"Jason\")) {\n    cy.get(\"#table1>tbody>tr>td:nth-child(4)\").eq($index).then(due => {\n      const dueAmount = due.text();\n      expect(dueAmount).to.equal(\"$100.00\");\n    });\n  }\n});",
              "err": {},
              "uuid": "a94e68dd-cf53-4025-b1e5-a1245f22f7bb",
              "parentUUID": "45828896-fd9e-472d-a8ee-fa06bae58764",
              "isHook": false,
              "skipped": false
            }
          ],
          "suites": [],
          "passes": [
            "a94e68dd-cf53-4025-b1e5-a1245f22f7bb"
          ],
          "failures": [],
          "pending": [],
          "skipped": [],
          "duration": 2554,
          "root": false,
          "rootEmpty": false,
          "_timeout": 2000
        }
      ],
      "passes": [],
      "failures": [],
      "pending": [],
      "skipped": [],
      "duration": 0,
      "root": true,
      "rootEmpty": true,
      "_timeout": 2000
    }
  ],
  "meta": {
    "mocha": {
      "version": "7.0.1"
    },
    "mochawesome": {
      "options": {
        "quiet": true,
        "reportFilename": "mochawesome",
        "saveHtml": false,
        "saveJson": true,
        "consoleReporter": "spec",
        "useInlineDiffs": false,
        "code": true
      },
      "version": "7.1.3"
    },
    "marge": {
      "options": {
        "id": "default",
        "reportDir": "cypress/reports/mocha",
        "quiet": true,
        "overwrite": false,
        "html": false,
        "json": true
      },
      "version": "6.2.0"
    }
  }
}