{
  "stats": {
    "suites": 1,
    "tests": 1,
    "passes": 0,
    "pending": 0,
    "failures": 1,
    "start": "2024-04-07T11:36:57.047Z",
    "end": "2024-04-07T11:37:03.421Z",
    "duration": 6374,
    "testsRegistered": 1,
    "passPercent": 0,
    "pendingPercent": 0,
    "other": 0,
    "hasOther": false,
    "skipped": 0,
    "hasSkipped": false
  },
  "results": [
    {
      "uuid": "314dbd14-e6de-4c74-9e39-f0badd0f4f01",
      "title": "",
      "fullFile": "cypress\\e2e\\Tc01_FirstScript.spec.cy.js",
      "file": "cypress\\e2e\\Tc01_FirstScript.spec.cy.js",
      "beforeHooks": [],
      "afterHooks": [],
      "tests": [],
      "suites": [
        {
          "uuid": "11a455d7-ae51-402d-9785-3135ce7f2c5d",
          "title": "Login functionality",
          "fullFile": "",
          "file": "",
          "beforeHooks": [],
          "afterHooks": [],
          "tests": [
            {
              "title": "Login Test using Conduit",
              "fullTitle": "Login functionality Login Test using Conduit",
              "timedOut": null,
              "duration": 6295,
              "state": "failed",
              "speed": null,
              "pass": false,
              "fail": true,
              "pending": false,
              "context": null,
              "code": "cy.visit(\"https://react-redux.realworld.io/\"); // visiting the website\ncy.get('a[href=\"#logisn\"').click(); // clicking on login button from\ncy.get('input[placeholder=\"Email\"]').type(\"cypressdemo@gmail.com\"); // typing email in input field\ncy.get('input[placeholder=\"Password\"]').type(\"cypressdemo\"); // typing password in password field\ncy.get('button[type=\"submit\"]').click(); // submitting the form by clicking on submit button\ncy.get('a[href=\"#settings\"]').click(); // going to settings page by clicking on setting link\ncy.get(\".btn.btn-outline-danger\").click(); // logging out by clicking logout button",
              "err": {
                "message": "AssertionError: Timed out retrying after 4000ms: Expected to find element: `a[href=\"#logisn\"`, but never found it.",
                "estack": "AssertionError: Timed out retrying after 4000ms: Expected to find element: `a[href=\"#logisn\"`, but never found it.\n    at Context.eval (webpack://udemy_cypress_13.6.6/./cypress/e2e/Tc01_FirstScript.spec.cy.js:6:7)",
                "diff": null
              },
              "uuid": "02b2faca-f95d-4d9c-856d-06ae7f91ca3f",
              "parentUUID": "11a455d7-ae51-402d-9785-3135ce7f2c5d",
              "isHook": false,
              "skipped": false
            }
          ],
          "suites": [],
          "passes": [],
          "failures": [
            "02b2faca-f95d-4d9c-856d-06ae7f91ca3f"
          ],
          "pending": [],
          "skipped": [],
          "duration": 6295,
          "root": false,
          "rootEmpty": false,
          "_timeout": 2000
        }
      ],
      "passes": [],
      "failures": [],
      "pending": [],
      "skipped": [],
      "duration": 0,
      "root": true,
      "rootEmpty": true,
      "_timeout": 2000
    }
  ],
  "meta": {
    "mocha": {
      "version": "7.0.1"
    },
    "mochawesome": {
      "options": {
        "quiet": true,
        "reportFilename": "mochawesome",
        "saveHtml": false,
        "saveJson": true,
        "consoleReporter": "spec",
        "useInlineDiffs": false,
        "code": true
      },
      "version": "7.1.3"
    },
    "marge": {
      "options": {
        "id": "default",
        "reportDir": "cypress/reports/mocha",
        "quiet": true,
        "overwrite": false,
        "html": false,
        "json": true
      },
      "version": "6.2.0"
    }
  }
}