{
  "stats": {
    "suites": 1,
    "tests": 2,
    "passes": 2,
    "pending": 0,
    "failures": 0,
    "start": "2024-04-07T12:09:09.961Z",
    "end": "2024-04-07T12:09:15.448Z",
    "duration": 5487,
    "testsRegistered": 2,
    "passPercent": 100,
    "pendingPercent": 0,
    "other": 0,
    "hasOther": false,
    "skipped": 0,
    "hasSkipped": false
  },
  "results": [
    {
      "uuid": "c6723655-5ebc-494c-bda6-9dac56946ef8",
      "title": "",
      "fullFile": "cypress\\e2e\\Tc14_ReadCsv.spec.cy.js",
      "file": "cypress\\e2e\\Tc14_ReadCsv.spec.cy.js",
      "beforeHooks": [],
      "afterHooks": [],
      "tests": [],
      "suites": [
        {
          "uuid": "08be42c3-063d-41f9-ab4d-145b6f600e7b",
          "title": "Csv test",
          "fullFile": "",
          "file": "",
          "beforeHooks": [],
          "afterHooks": [],
          "tests": [
            {
              "title": "Condouit - Valid Credentials",
              "fullTitle": "Csv test Condouit - Valid Credentials",
              "timedOut": null,
              "duration": 3190,
              "state": "passed",
              "speed": "fast",
              "pass": true,
              "fail": false,
              "pending": false,
              "context": null,
              "code": "cy.visit(\"https://react-redux.realworld.io/\"); // visiting the website\ncy.get('a[href=\"#login\"').click(); // clicking on login button from\ncy.get('input[placeholder=\"Email\"]').type(table[0].username); // typing email in input field\ncy.get('input[placeholder=\"Password\"]').type(table[0].password); // typing password in password field\ncy.get('button[type=\"submit\"]').click(); // submitting the form by clicking on submit button\ncy.get('a[href=\"#settings\"]').click(); // going to settings page by clicking on setting link\ncy.get(\".btn.btn-outline-danger\").click(); // logging out by clicking logout button",
              "err": {},
              "uuid": "a9509651-ddd0-486e-91d9-d7d605cd3ae6",
              "parentUUID": "08be42c3-063d-41f9-ab4d-145b6f600e7b",
              "isHook": false,
              "skipped": false
            },
            {
              "title": "Condouit - Invalid Credentials",
              "fullTitle": "Csv test Condouit - Invalid Credentials",
              "timedOut": null,
              "duration": 2200,
              "state": "passed",
              "speed": "fast",
              "pass": true,
              "fail": false,
              "pending": false,
              "context": null,
              "code": "cy.visit(\"https://react-redux.realworld.io/\"); // visiting the website\ncy.get('a[href=\"#login\"').click(); // clicking on login button from\ncy.get('input[placeholder=\"Email\"]').type(table[1].username); // typing email in input field\ncy.get('input[placeholder=\"Password\"]').type(table[1].password); // typing password in password field\ncy.get('button[type=\"submit\"]').click(); // submitting the form by clicking on submit button\ncy.get(\".error-messages\").should(\"contain\", \"email or password is invalid\");",
              "err": {},
              "uuid": "96974c27-e4e5-4109-821c-8116dd5f243d",
              "parentUUID": "08be42c3-063d-41f9-ab4d-145b6f600e7b",
              "isHook": false,
              "skipped": false
            }
          ],
          "suites": [],
          "passes": [
            "a9509651-ddd0-486e-91d9-d7d605cd3ae6",
            "96974c27-e4e5-4109-821c-8116dd5f243d"
          ],
          "failures": [],
          "pending": [],
          "skipped": [],
          "duration": 5390,
          "root": false,
          "rootEmpty": false,
          "_timeout": 2000
        }
      ],
      "passes": [],
      "failures": [],
      "pending": [],
      "skipped": [],
      "duration": 0,
      "root": true,
      "rootEmpty": true,
      "_timeout": 2000
    }
  ],
  "meta": {
    "mocha": {
      "version": "7.0.1"
    },
    "mochawesome": {
      "options": {
        "quiet": true,
        "reportFilename": "mochawesome",
        "saveHtml": false,
        "saveJson": true,
        "consoleReporter": "spec",
        "useInlineDiffs": false,
        "code": true
      },
      "version": "7.1.3"
    },
    "marge": {
      "options": {
        "id": "default",
        "reportDir": "cypress/reports/mocha",
        "quiet": true,
        "overwrite": false,
        "html": false,
        "json": true
      },
      "version": "6.2.0"
    }
  }
}