{
  "stats": {
    "suites": 1,
    "tests": 1,
    "passes": 1,
    "pending": 0,
    "failures": 0,
    "start": "2024-04-07T12:08:09.298Z",
    "end": "2024-04-07T12:08:21.050Z",
    "duration": 11752,
    "testsRegistered": 1,
    "passPercent": 100,
    "pendingPercent": 0,
    "other": 0,
    "hasOther": false,
    "skipped": 0,
    "hasSkipped": false
  },
  "results": [
    {
      "uuid": "55afd1ee-e5ed-411a-8665-2ed5312e80e4",
      "title": "",
      "fullFile": "cypress\\e2e\\Tc11_HooksImplentation.spec.cy.js",
      "file": "cypress\\e2e\\Tc11_HooksImplentation.spec.cy.js",
      "beforeHooks": [],
      "afterHooks": [],
      "tests": [],
      "suites": [
        {
          "uuid": "60f3caa8-af57-4d17-b686-f546d48db22e",
          "title": "Hooks Implementation",
          "fullFile": "",
          "file": "",
          "beforeHooks": [],
          "afterHooks": [],
          "tests": [
            {
              "title": "Search in Admin Tab with Employee Name",
              "fullTitle": "Hooks Implementation Search in Admin Tab with Employee Name",
              "timedOut": null,
              "duration": 7437,
              "state": "passed",
              "speed": "medium",
              "pass": true,
              "fail": false,
              "pending": false,
              "context": null,
              "code": "cy.contains(\"Admin\").click();\ncy.xpath('(//input[@class=\"oxd-input oxd-input--active\"])[2]').type(\"Admin\");\ncy.get('button[type=\"submit\"]').click();\ncy.get('input[placeholder=\"Type for hints...\"]').type(\"Admin\");\ncy.get('button[type=\"submit\"]').click();",
              "err": {},
              "uuid": "57c0ee24-2c6c-4d6b-bea8-19fed798896c",
              "parentUUID": "60f3caa8-af57-4d17-b686-f546d48db22e",
              "isHook": false,
              "skipped": false
            }
          ],
          "suites": [],
          "passes": [
            "57c0ee24-2c6c-4d6b-bea8-19fed798896c"
          ],
          "failures": [],
          "pending": [],
          "skipped": [],
          "duration": 7437,
          "root": false,
          "rootEmpty": false,
          "_timeout": 2000
        }
      ],
      "passes": [],
      "failures": [],
      "pending": [],
      "skipped": [],
      "duration": 0,
      "root": true,
      "rootEmpty": true,
      "_timeout": 2000
    }
  ],
  "meta": {
    "mocha": {
      "version": "7.0.1"
    },
    "mochawesome": {
      "options": {
        "quiet": true,
        "reportFilename": "mochawesome",
        "saveHtml": false,
        "saveJson": true,
        "consoleReporter": "spec",
        "useInlineDiffs": false,
        "code": true
      },
      "version": "7.1.3"
    },
    "marge": {
      "options": {
        "id": "default",
        "reportDir": "cypress/reports/mocha",
        "quiet": true,
        "overwrite": false,
        "html": false,
        "json": true
      },
      "version": "6.2.0"
    }
  }
}