{
  "stats": {
    "suites": 1,
    "tests": 1,
    "passes": 1,
    "pending": 0,
    "failures": 0,
    "start": "2024-04-07T12:07:51.320Z",
    "end": "2024-04-07T12:07:54.168Z",
    "duration": 2848,
    "testsRegistered": 1,
    "passPercent": 100,
    "pendingPercent": 0,
    "other": 0,
    "hasOther": false,
    "skipped": 0,
    "hasSkipped": false
  },
  "results": [
    {
      "uuid": "083f25e0-9661-4dda-b811-bfbba1066bd1",
      "title": "",
      "fullFile": "cypress\\e2e\\Tc09_BrowserControl.spec.cy.js",
      "file": "cypress\\e2e\\Tc09_BrowserControl.spec.cy.js",
      "beforeHooks": [],
      "afterHooks": [],
      "tests": [],
      "suites": [
        {
          "uuid": "80e3d0f3-0d75-4e68-a603-543ada667031",
          "title": "Advanced UI Elements",
          "fullFile": "",
          "file": "",
          "beforeHooks": [],
          "afterHooks": [],
          "tests": [
            {
              "title": "Browser Controls",
              "fullTitle": "Advanced UI Elements Browser Controls",
              "timedOut": null,
              "duration": 2812,
              "state": "passed",
              "speed": "fast",
              "pass": true,
              "fail": false,
              "pending": false,
              "context": null,
              "code": "cy.visit(\"https://react-redux.realworld.io/\");\ncy.contains(\"Sign in\").click();\ncy.go(\"back\");\ncy.go(\"forward\");\ncy.go(-1);\ncy.go(1);\ncy.get('input[type=\"email\"]').type(\"cypress\");\ncy.reload();",
              "err": {},
              "uuid": "d53c5af8-eefe-44c1-a1fa-5e974e3dbe47",
              "parentUUID": "80e3d0f3-0d75-4e68-a603-543ada667031",
              "isHook": false,
              "skipped": false
            }
          ],
          "suites": [],
          "passes": [
            "d53c5af8-eefe-44c1-a1fa-5e974e3dbe47"
          ],
          "failures": [],
          "pending": [],
          "skipped": [],
          "duration": 2812,
          "root": false,
          "rootEmpty": false,
          "_timeout": 2000
        }
      ],
      "passes": [],
      "failures": [],
      "pending": [],
      "skipped": [],
      "duration": 0,
      "root": true,
      "rootEmpty": true,
      "_timeout": 2000
    }
  ],
  "meta": {
    "mocha": {
      "version": "7.0.1"
    },
    "mochawesome": {
      "options": {
        "quiet": true,
        "reportFilename": "mochawesome",
        "saveHtml": false,
        "saveJson": true,
        "consoleReporter": "spec",
        "useInlineDiffs": false,
        "code": true
      },
      "version": "7.1.3"
    },
    "marge": {
      "options": {
        "id": "default",
        "reportDir": "cypress/reports/mocha",
        "quiet": true,
        "overwrite": false,
        "html": false,
        "json": true
      },
      "version": "6.2.0"
    }
  }
}