{
  "stats": {
    "suites": 1,
    "tests": 2,
    "passes": 2,
    "pending": 0,
    "failures": 0,
    "start": "2024-04-07T12:08:42.067Z",
    "end": "2024-04-07T12:08:47.988Z",
    "duration": 5921,
    "testsRegistered": 2,
    "passPercent": 100,
    "pendingPercent": 0,
    "other": 0,
    "hasOther": false,
    "skipped": 0,
    "hasSkipped": false
  },
  "results": [
    {
      "uuid": "43bfc947-a9d1-45af-9cbe-36bbf05836f2",
      "title": "",
      "fullFile": "cypress\\e2e\\Tc12_FicturesTest.cpec.cy.js",
      "file": "cypress\\e2e\\Tc12_FicturesTest.cpec.cy.js",
      "beforeHooks": [],
      "afterHooks": [],
      "tests": [],
      "suites": [
        {
          "uuid": "05079499-83b7-4f1b-b31d-f94f8f6a308c",
          "title": "Fixtures test",
          "fullFile": "",
          "file": "",
          "beforeHooks": [],
          "afterHooks": [],
          "tests": [
            {
              "title": "Condouit - Valid Credentials",
              "fullTitle": "Fixtures test Condouit - Valid Credentials",
              "timedOut": null,
              "duration": 4023,
              "state": "passed",
              "speed": "fast",
              "pass": true,
              "fail": false,
              "pending": false,
              "context": null,
              "code": "cy.visit(\"https://react-redux.realworld.io/\"); // visiting the website\ncy.get('a[href=\"#login\"').click(); // clicking on login button from\ncy.get('input[placeholder=\"Email\"]').type(this.data.valid.email); // typing email in input field\ncy.get('input[placeholder=\"Password\"]').type(this.data.valid.password); // typing password in password field\ncy.get('button[type=\"submit\"]').click(); // submitting the form by clicking on submit button\ncy.get('a[href=\"#settings\"]').click(); // going to settings page by clicking on setting link\ncy.get(\".btn.btn-outline-danger\").click(); // logging out by clicking logout button",
              "err": {},
              "uuid": "480e2c30-09b6-4955-b4d7-6fb1d7103b10",
              "parentUUID": "05079499-83b7-4f1b-b31d-f94f8f6a308c",
              "isHook": false,
              "skipped": false
            },
            {
              "title": "Condouit - Invalid Credentials",
              "fullTitle": "Fixtures test Condouit - Invalid Credentials",
              "timedOut": null,
              "duration": 1799,
              "state": "passed",
              "speed": "fast",
              "pass": true,
              "fail": false,
              "pending": false,
              "context": null,
              "code": "cy.visit(\"https://react-redux.realworld.io/\"); // visiting the website\ncy.get('a[href=\"#login\"').click(); // clicking on login button from\ncy.get('input[placeholder=\"Email\"]').type(this.data.invalid.email); // typing email in input field\ncy.get('input[placeholder=\"Password\"]').type(this.data.invalid.password); // typing password in password field\ncy.get('button[type=\"submit\"]').click(); // submitting the form by clicking on submit button\ncy.get(\".error-messages\").should(\"contain\", \"email or password is invalid\");",
              "err": {},
              "uuid": "bed3c0c3-7a95-47de-884e-60ac0f860a29",
              "parentUUID": "05079499-83b7-4f1b-b31d-f94f8f6a308c",
              "isHook": false,
              "skipped": false
            }
          ],
          "suites": [],
          "passes": [
            "480e2c30-09b6-4955-b4d7-6fb1d7103b10",
            "bed3c0c3-7a95-47de-884e-60ac0f860a29"
          ],
          "failures": [],
          "pending": [],
          "skipped": [],
          "duration": 5822,
          "root": false,
          "rootEmpty": false,
          "_timeout": 2000
        }
      ],
      "passes": [],
      "failures": [],
      "pending": [],
      "skipped": [],
      "duration": 0,
      "root": true,
      "rootEmpty": true,
      "_timeout": 2000
    }
  ],
  "meta": {
    "mocha": {
      "version": "7.0.1"
    },
    "mochawesome": {
      "options": {
        "quiet": true,
        "reportFilename": "mochawesome",
        "saveHtml": false,
        "saveJson": true,
        "consoleReporter": "spec",
        "useInlineDiffs": false,
        "code": true
      },
      "version": "7.1.3"
    },
    "marge": {
      "options": {
        "id": "default",
        "reportDir": "cypress/reports/mocha",
        "quiet": true,
        "overwrite": false,
        "html": false,
        "json": true
      },
      "version": "6.2.0"
    }
  }
}